0 info it worked if it ends with ok
1 verbose cli [ 'c:\\Program Files\\nodejs\\node.exe',
1 verbose cli   'c:\\Program Files\\nodejs\\node_modules\\npm\\bin\\npm-cli.js',
1 verbose cli   'publish' ]
2 info using npm@1.2.24
3 info using node@v0.10.9
4 verbose publish [ '.' ]
5 verbose read json c:\Users\kobezzza\Documents\Dev\Snakeskin\demo\package.json
6 verbose cache add [ '.', null ]
7 verbose cache add name=undefined spec="." args=[".",null]
8 verbose parsed url { protocol: null,
8 verbose parsed url   slashes: null,
8 verbose parsed url   auth: null,
8 verbose parsed url   host: null,
8 verbose parsed url   port: null,
8 verbose parsed url   hostname: null,
8 verbose parsed url   hash: null,
8 verbose parsed url   search: null,
8 verbose parsed url   query: null,
8 verbose parsed url   pathname: '.',
8 verbose parsed url   path: '.',
8 verbose parsed url   href: '.' }
9 silly lockFile 3a52ce78- .
10 verbose lock . C:\Users\kobezzza\AppData\Roaming\npm-cache\3a52ce78-.lock
11 verbose read json package.json
12 silly lockFile 3a52ce78- .
13 silly lockFile 3a52ce78- .
14 error addLocal Could not install .
15 error Error: ENOENT, open 'c:\Users\kobezzza\Documents\Dev\Snakeskin\demo\package.json'
16 error If you need help, you may report this log at:
16 error     <http://github.com/isaacs/npm/issues>
16 error or email it to:
16 error     <npm-@googlegroups.com>
17 error System Windows_NT 6.1.7601
18 error command "c:\\Program Files\\nodejs\\node.exe" "c:\\Program Files\\nodejs\\node_modules\\npm\\bin\\npm-cli.js" "publish"
19 error cwd c:\Users\kobezzza\Documents\Dev\Snakeskin\demo
20 error node -v v0.10.9
21 error npm -v 1.2.24
22 error path c:\Users\kobezzza\Documents\Dev\Snakeskin\demo\package.json
23 error code ENOENT
24 error errno 34
25 verbose exit [ 34, true ]
